<?xml version="1.0" encoding="UTF-8"?>
<!-- Generated by org.testng.reporters.JUnitXMLReporter -->
<testsuite hostname="tobias-VirtualBox" name="Surefire test" tests="30" failures="0" timestamp="14 Dec 2017 09:24:49 GMT" time="1.553" errors="0">
  <testcase name="testDivideZeros on testDivideZeros(com.final_project.calculator_tobiash.tests.BasicCalculatorTest)" time="0.346" classname="com.final_project.calculator_tobiash.tests.BasicCalculatorTest"/>
  <testcase name="testMultiplyPositiveNumbers on testMultiplyPositiveNumbers(com.final_project.calculator_tobiash.tests.BasicCalculatorTest)" time="0.058" classname="com.final_project.calculator_tobiash.tests.BasicCalculatorTest"/>
  <testcase name="testMultiplyNegativeNumbers on testMultiplyNegativeNumbers(com.final_project.calculator_tobiash.tests.BasicCalculatorTest)" time="0.074" classname="com.final_project.calculator_tobiash.tests.BasicCalculatorTest"/>
  <testcase name="testAddZeros on testAddZeros(com.final_project.calculator_tobiash.tests.BasicCalculatorTest)" time="0.106" classname="com.final_project.calculator_tobiash.tests.BasicCalculatorTest"/>
  <testcase name="testAddPositiveNumbers on testAddPositiveNumbers(com.final_project.calculator_tobiash.tests.BasicCalculatorTest)" time="0.027" classname="com.final_project.calculator_tobiash.tests.BasicCalculatorTest"/>
  <testcase name="testAddNegativeNumbers on testAddNegativeNumbers(com.final_project.calculator_tobiash.tests.BasicCalculatorTest)" time="0.033" classname="com.final_project.calculator_tobiash.tests.BasicCalculatorTest"/>
  <testcase name="testDividePositiveNumbers on testDividePositiveNumbers(com.final_project.calculator_tobiash.tests.BasicCalculatorTest)" time="0.048" classname="com.final_project.calculator_tobiash.tests.BasicCalculatorTest"/>
  <testcase name="testDivideNegativeNumbers on testDivideNegativeNumbers(com.final_project.calculator_tobiash.tests.BasicCalculatorTest)" time="0.026" classname="com.final_project.calculator_tobiash.tests.BasicCalculatorTest"/>
  <testcase name="testSubtractPositiveNumbers on testSubtractPositiveNumbers(com.final_project.calculator_tobiash.tests.BasicCalculatorTest)" time="0.011" classname="com.final_project.calculator_tobiash.tests.BasicCalculatorTest"/>
  <testcase name="testSubtractNegativeNumbers on testSubtractNegativeNumbers(com.final_project.calculator_tobiash.tests.BasicCalculatorTest)" time="0.024" classname="com.final_project.calculator_tobiash.tests.BasicCalculatorTest"/>
  <testcase name="testMultiplyZeros on testMultiplyZeros(com.final_project.calculator_tobiash.tests.BasicCalculatorTest)" time="0.081" classname="com.final_project.calculator_tobiash.tests.BasicCalculatorTest"/>
  <testcase name="testSubtractZeros on testSubtractZeros(com.final_project.calculator_tobiash.tests.BasicCalculatorTest)" time="0.12" classname="com.final_project.calculator_tobiash.tests.BasicCalculatorTest"/>
  <testcase name="testSquarePositiveNumbers on testSquarePositiveNumbers(com.final_project.calculator_tobiash.tests.AdvancedCalculatorTest)" time="0.019" classname="com.final_project.calculator_tobiash.tests.AdvancedCalculatorTest"/>
  <testcase name="testSquareNegativeNumbers on testSquareNegativeNumbers(com.final_project.calculator_tobiash.tests.AdvancedCalculatorTest)" time="0.011" classname="com.final_project.calculator_tobiash.tests.AdvancedCalculatorTest"/>
  <testcase name="testSquareRootZero on testSquareRootZero(com.final_project.calculator_tobiash.tests.AdvancedCalculatorTest)" time="0.016" classname="com.final_project.calculator_tobiash.tests.AdvancedCalculatorTest"/>
  <testcase name="testSquareRootPositiveNumbers on testSquareRootPositiveNumbers(com.final_project.calculator_tobiash.tests.AdvancedCalculatorTest)" time="0.014" classname="com.final_project.calculator_tobiash.tests.AdvancedCalculatorTest"/>
  <testcase name="testSquareRootNegativeNumbers on testSquareRootNegativeNumbers(com.final_project.calculator_tobiash.tests.AdvancedCalculatorTest)" time="0.015" classname="com.final_project.calculator_tobiash.tests.AdvancedCalculatorTest"/>
  <testcase name="testCubeRootPositiveNumbers on testCubeRootPositiveNumbers(com.final_project.calculator_tobiash.tests.AdvancedCalculatorTest)" time="0.007" classname="com.final_project.calculator_tobiash.tests.AdvancedCalculatorTest"/>
  <testcase name="testSquareZeros on testSquareZeros(com.final_project.calculator_tobiash.tests.AdvancedCalculatorTest)" time="0.02" classname="com.final_project.calculator_tobiash.tests.AdvancedCalculatorTest"/>
  <testcase name="testCubeRootNegativeNumbers on testCubeRootNegativeNumbers(com.final_project.calculator_tobiash.tests.AdvancedCalculatorTest)" time="0.027" classname="com.final_project.calculator_tobiash.tests.AdvancedCalculatorTest"/>
  <testcase name="testRaisedttpoPositiveNumbers on testRaisedttpoPositiveNumbers(com.final_project.calculator_tobiash.tests.AdvancedCalculatorTest)" time="0.011" classname="com.final_project.calculator_tobiash.tests.AdvancedCalculatorTest"/>
  <testcase name="testRaisedttpoNegativeNumbers on testRaisedttpoNegativeNumbers(com.final_project.calculator_tobiash.tests.AdvancedCalculatorTest)" time="0.031" classname="com.final_project.calculator_tobiash.tests.AdvancedCalculatorTest"/>
  <testcase name="testRaisedttpoZeros on testRaisedttpoZeros(com.final_project.calculator_tobiash.tests.AdvancedCalculatorTest)" time="0.099" classname="com.final_project.calculator_tobiash.tests.AdvancedCalculatorTest"/>
  <testcase name="testRemainderPositiveNumbers on testRemainderPositiveNumbers(com.final_project.calculator_tobiash.tests.AdvancedCalculatorTest)" time="0.024" classname="com.final_project.calculator_tobiash.tests.AdvancedCalculatorTest"/>
  <testcase name="testRemainderZeros on testRemainderZeros(com.final_project.calculator_tobiash.tests.AdvancedCalculatorTest)" time="0.048" classname="com.final_project.calculator_tobiash.tests.AdvancedCalculatorTest"/>
  <testcase name="testRemainderNegativeNumbers on testRemainderNegativeNumbers(com.final_project.calculator_tobiash.tests.AdvancedCalculatorTest)" time="0.013" classname="com.final_project.calculator_tobiash.tests.AdvancedCalculatorTest"/>
  <testcase name="testCubeRootZero on testCubeRootZero(com.final_project.calculator_tobiash.tests.AdvancedCalculatorTest)" time="0.024" classname="com.final_project.calculator_tobiash.tests.AdvancedCalculatorTest"/>
  <testcase name="testfactorialPositiveNumbers on testfactorialPositiveNumbers(com.final_project.calculator_tobiash.tests.AdvancedCalculatorTest)" time="0.017" classname="com.final_project.calculator_tobiash.tests.AdvancedCalculatorTest"/>
  <testcase name="testfactorialNegativeNumbers on testfactorialNegativeNumbers(com.final_project.calculator_tobiash.tests.AdvancedCalculatorTest)" time="0.037" classname="com.final_project.calculator_tobiash.tests.AdvancedCalculatorTest"/>
  <testcase name="testfactorialZero on testfactorialZero(com.final_project.calculator_tobiash.tests.AdvancedCalculatorTest)" time="0.029" classname="com.final_project.calculator_tobiash.tests.AdvancedCalculatorTest"/>
</testsuite> <!-- Surefire test -->
