<?xml version="1.0" encoding="UTF-8"?>
<testsuite name="TestSuite" time="1.412" tests="30" errors="0" skipped="0" failures="0">
  <properties>
[...]
</properties>
  <testcase name="testDivideZeros on testDivideZeros(com.final_project.calculator_tobiash.tests.BasicCalculatorTest)" classname="com.final_project.calculator_tobiash.tests.BasicCalculatorTest" time="0.346"/>
  <testcase name="testMultiplyPositiveNumbers on testMultiplyPositiveNumbers(com.final_project.calculator_tobiash.tests.BasicCalculatorTest)" classname="com.final_project.calculator_tobiash.tests.BasicCalculatorTest" time="0.059"/>
  <testcase name="testMultiplyNegativeNumbers on testMultiplyNegativeNumbers(com.final_project.calculator_tobiash.tests.BasicCalculatorTest)" classname="com.final_project.calculator_tobiash.tests.BasicCalculatorTest" time="0.074"/>
  <testcase name="testAddZeros on testAddZeros(com.final_project.calculator_tobiash.tests.BasicCalculatorTest)" classname="com.final_project.calculator_tobiash.tests.BasicCalculatorTest" time="0.108"/>
  <testcase name="testAddPositiveNumbers on testAddPositiveNumbers(com.final_project.calculator_tobiash.tests.BasicCalculatorTest)" classname="com.final_project.calculator_tobiash.tests.BasicCalculatorTest" time="0.026"/>
  <testcase name="testAddNegativeNumbers on testAddNegativeNumbers(com.final_project.calculator_tobiash.tests.BasicCalculatorTest)" classname="com.final_project.calculator_tobiash.tests.BasicCalculatorTest" time="0.032"/>
  <testcase name="testDividePositiveNumbers on testDividePositiveNumbers(com.final_project.calculator_tobiash.tests.BasicCalculatorTest)" classname="com.final_project.calculator_tobiash.tests.BasicCalculatorTest" time="0.048"/>
  <testcase name="testDivideNegativeNumbers on testDivideNegativeNumbers(com.final_project.calculator_tobiash.tests.BasicCalculatorTest)" classname="com.final_project.calculator_tobiash.tests.BasicCalculatorTest" time="0.027"/>
  <testcase name="testSubtractPositiveNumbers on testSubtractPositiveNumbers(com.final_project.calculator_tobiash.tests.BasicCalculatorTest)" classname="com.final_project.calculator_tobiash.tests.BasicCalculatorTest" time="0.011"/>
  <testcase name="testSubtractNegativeNumbers on testSubtractNegativeNumbers(com.final_project.calculator_tobiash.tests.BasicCalculatorTest)" classname="com.final_project.calculator_tobiash.tests.BasicCalculatorTest" time="0.024"/>
  <testcase name="testMultiplyZeros on testMultiplyZeros(com.final_project.calculator_tobiash.tests.BasicCalculatorTest)" classname="com.final_project.calculator_tobiash.tests.BasicCalculatorTest" time="0.082"/>
  <testcase name="testSubtractZeros on testSubtractZeros(com.final_project.calculator_tobiash.tests.BasicCalculatorTest)" classname="com.final_project.calculator_tobiash.tests.BasicCalculatorTest" time="0.118"/>
  <testcase name="testSquarePositiveNumbers on testSquarePositiveNumbers(com.final_project.calculator_tobiash.tests.AdvancedCalculatorTest)" classname="com.final_project.calculator_tobiash.tests.AdvancedCalculatorTest" time="0.018"/>
  <testcase name="testSquareNegativeNumbers on testSquareNegativeNumbers(com.final_project.calculator_tobiash.tests.AdvancedCalculatorTest)" classname="com.final_project.calculator_tobiash.tests.AdvancedCalculatorTest" time="0.011"/>
  <testcase name="testSquareRootZero on testSquareRootZero(com.final_project.calculator_tobiash.tests.AdvancedCalculatorTest)" classname="com.final_project.calculator_tobiash.tests.AdvancedCalculatorTest" time="0.016"/>
  <testcase name="testSquareRootPositiveNumbers on testSquareRootPositiveNumbers(com.final_project.calculator_tobiash.tests.AdvancedCalculatorTest)" classname="com.final_project.calculator_tobiash.tests.AdvancedCalculatorTest" time="0.014"/>
  <testcase name="testSquareRootNegativeNumbers on testSquareRootNegativeNumbers(com.final_project.calculator_tobiash.tests.AdvancedCalculatorTest)" classname="com.final_project.calculator_tobiash.tests.AdvancedCalculatorTest" time="0.014"/>
  <testcase name="testCubeRootPositiveNumbers on testCubeRootPositiveNumbers(com.final_project.calculator_tobiash.tests.AdvancedCalculatorTest)" classname="com.final_project.calculator_tobiash.tests.AdvancedCalculatorTest" time="0.008"/>
  <testcase name="testSquareZeros on testSquareZeros(com.final_project.calculator_tobiash.tests.AdvancedCalculatorTest)" classname="com.final_project.calculator_tobiash.tests.AdvancedCalculatorTest" time="0.02"/>
  <testcase name="testCubeRootNegativeNumbers on testCubeRootNegativeNumbers(com.final_project.calculator_tobiash.tests.AdvancedCalculatorTest)" classname="com.final_project.calculator_tobiash.tests.AdvancedCalculatorTest" time="0.029"/>
  <testcase name="testRaisedttpoPositiveNumbers on testRaisedttpoPositiveNumbers(com.final_project.calculator_tobiash.tests.AdvancedCalculatorTest)" classname="com.final_project.calculator_tobiash.tests.AdvancedCalculatorTest" time="0.011"/>
  <testcase name="testRaisedttpoNegativeNumbers on testRaisedttpoNegativeNumbers(com.final_project.calculator_tobiash.tests.AdvancedCalculatorTest)" classname="com.final_project.calculator_tobiash.tests.AdvancedCalculatorTest" time="0.025"/>
  <testcase name="testRaisedttpoZeros on testRaisedttpoZeros(com.final_project.calculator_tobiash.tests.AdvancedCalculatorTest)" classname="com.final_project.calculator_tobiash.tests.AdvancedCalculatorTest" time="0.099"/>
  <testcase name="testRemainderPositiveNumbers on testRemainderPositiveNumbers(com.final_project.calculator_tobiash.tests.AdvancedCalculatorTest)" classname="com.final_project.calculator_tobiash.tests.AdvancedCalculatorTest" time="0.023"/>
  <testcase name="testRemainderZeros on testRemainderZeros(com.final_project.calculator_tobiash.tests.AdvancedCalculatorTest)" classname="com.final_project.calculator_tobiash.tests.AdvancedCalculatorTest" time="0.048"/>
  <testcase name="testRemainderNegativeNumbers on testRemainderNegativeNumbers(com.final_project.calculator_tobiash.tests.AdvancedCalculatorTest)" classname="com.final_project.calculator_tobiash.tests.AdvancedCalculatorTest" time="0.019"/>
  <testcase name="testCubeRootZero on testCubeRootZero(com.final_project.calculator_tobiash.tests.AdvancedCalculatorTest)" classname="com.final_project.calculator_tobiash.tests.AdvancedCalculatorTest" time="0.019"/>
  <testcase name="testfactorialPositiveNumbers on testfactorialPositiveNumbers(com.final_project.calculator_tobiash.tests.AdvancedCalculatorTest)" classname="com.final_project.calculator_tobiash.tests.AdvancedCalculatorTest" time="0.017"/>
  <testcase name="testfactorialNegativeNumbers on testfactorialNegativeNumbers(com.final_project.calculator_tobiash.tests.AdvancedCalculatorTest)" classname="com.final_project.calculator_tobiash.tests.AdvancedCalculatorTest" time="0.037"/>
  <testcase name="testfactorialZero on testfactorialZero(com.final_project.calculator_tobiash.tests.AdvancedCalculatorTest)" classname="com.final_project.calculator_tobiash.tests.AdvancedCalculatorTest" time="0.029"/>
</testsuite>